2025-12-19 22:02:20,220 - INFO - Index(['NPA Status_yeo_trim', 'RevolvingUtilizationOfUnsecuredLines_yeo_trim',
       'age_yeo_trim', 'NumberOfTime30-59DaysPastDueNotWorse_yeo_trim',
       'DebtRatio_yeo_trim', 'NumberOfOpenCreditLinesAndLoans_yeo_trim',
       'NumberOfTimes90DaysLate_yeo_trim',
       'NumberRealEstateLoansOrLines_yeo_trim',
       'NumberOfTime60-89DaysPastDueNotWorse_yeo_trim',
       'MonthlyIncome_replaced_yeo_trim',
       'NumberOfDependents_replaced_yeo_trim'],
      dtype='object') -> (120000, 11)
2025-12-19 22:02:20,221 - INFO - Index(['NPA Status_yeo_trim', 'RevolvingUtilizationOfUnsecuredLines_yeo_trim',
       'age_yeo_trim', 'NumberOfTime30-59DaysPastDueNotWorse_yeo_trim',
       'DebtRatio_yeo_trim', 'NumberOfOpenCreditLinesAndLoans_yeo_trim',
       'NumberOfTimes90DaysLate_yeo_trim',
       'NumberRealEstateLoansOrLines_yeo_trim',
       'NumberOfTime60-89DaysPastDueNotWorse_yeo_trim',
       'MonthlyIncome_replaced_yeo_trim',
       'NumberOfDependents_replaced_yeo_trim'],
      dtype='object') -> (30000, 11)
2025-12-19 22:02:20,287 - INFO - columns that are need to be removed from constant technique : Index(['NPA Status_yeo_trim', 'NumberOfTime30-59DaysPastDueNotWorse_yeo_trim',
       'NumberOfTimes90DaysLate_yeo_trim',
       'NumberOfTime60-89DaysPastDueNotWorse_yeo_trim'],
      dtype='object')
2025-12-19 22:02:20,360 - INFO - columns that are need to be removed from quasi constant technique : Index(['RevolvingUtilizationOfUnsecuredLines_yeo_trim', 'NumberOfDependents_replaced_yeo_trim'], dtype='object')
2025-12-19 22:02:20,375 - INFO - Index(['age_yeo_trim', 'DebtRatio_yeo_trim',
       'NumberOfOpenCreditLinesAndLoans_yeo_trim',
       'NumberRealEstateLoansOrLines_yeo_trim',
       'MonthlyIncome_replaced_yeo_trim'],
      dtype='object') -> (120000, 5)
2025-12-19 22:02:20,376 - INFO - Index(['age_yeo_trim', 'DebtRatio_yeo_trim',
       'NumberOfOpenCreditLinesAndLoans_yeo_trim',
       'NumberRealEstateLoansOrLines_yeo_trim',
       'MonthlyIncome_replaced_yeo_trim'],
      dtype='object') -> (30000, 5)
2025-12-19 22:02:20,399 - INFO - ['Good' 'Bad']
2025-12-19 22:02:20,473 - INFO - [1 0]
2025-12-19 22:02:25,007 - INFO - Index(['age_yeo_trim', 'NumberOfOpenCreditLinesAndLoans_yeo_trim',
       'NumberRealEstateLoansOrLines_yeo_trim',
       'MonthlyIncome_replaced_yeo_trim'],
      dtype='object') -> (120000, 4)
2025-12-19 22:02:25,007 - INFO - Index(['age_yeo_trim', 'NumberOfOpenCreditLinesAndLoans_yeo_trim',
       'NumberRealEstateLoansOrLines_yeo_trim',
       'MonthlyIncome_replaced_yeo_trim'],
      dtype='object') -> (30000, 4)
