2025-12-19 22:02:26,524 - INFO - Before Number of Rows for Good Class: 111930
2025-12-19 22:02:26,553 - INFO - Before Number of Rows for Good Class: 8070
2025-12-19 22:02:27,649 - INFO - After Number of Rows for Good Class: 111930
2025-12-19 22:02:27,781 - INFO - After Number of Rows for Good Class: 111930
2025-12-19 22:02:27,781 - INFO - (223860, 12)
2025-12-19 22:02:27,782 - INFO - (223860,)
2025-12-19 22:02:27,927 - INFO -         age_yeo_trim  NumberOfOpenCreditLinesAndLoans_yeo_trim  ...  Occupation_res  Education_res
177031     15.843707                                  3.595416  ...        0.000000            0.0
129903     16.545616                                  4.171269  ...        3.585749            1.0
127602     12.501466                                  3.687470  ...        0.000000            0.0
81530      17.060656                                  2.532317  ...        0.000000            4.0
79389      16.824935                                  3.840328  ...        4.000000            0.0
106804     16.348077                                  4.806734  ...        4.000000            4.0
124761     16.669389                                  1.806106  ...        4.000000            1.0
97307      12.492182                                  2.532317  ...        4.000000            4.0
116472     18.664459                                  5.138950  ...        0.000000            0.0
75589      17.060656                                  1.806106  ...        0.000000            4.0

[10 rows x 12 columns]
2025-12-19 22:02:28,060 - INFO - [[-0.78510152 -0.77418617 -1.1441428  ... -0.90804869  0.98633466
  -1.38373769]
 [ 0.44699017  0.69578713  0.35508292 ... -0.90804869  0.98633466
  -0.75330858]
 [-1.10231529 -0.26418059 -1.1441428  ...  1.20750493 -1.36504603
   1.13797875]
 ...
 [-1.24418374 -1.19484002 -1.1441428  ... -0.90804869  0.98633466
  -0.75330858]
 [ 0.27307954 -2.17825641 -1.1441428  ... -0.90804869  0.98633466
  -0.75330858]
 [-0.3888886   1.04714868  1.20357763 ... -0.75274664  0.98633466
   0.50754964]]
